2026-03-09 13:23:09,010 WARNING database DDL Query made to DB:
ALTER TABLE `tabCompany` MODIFY `credit_limit` decimal(21,9) not null default 0, MODIFY `total_monthly_sales` decimal(21,9) not null default 0, MODIFY `monthly_sales_target` decimal(21,9) not null default 0
2026-03-09 13:23:09,273 WARNING database DDL Query made to DB:
ALTER TABLE `tabCompany` ADD COLUMN `year_of_establishment` int(11) not null default 0
2026-03-09 13:23:09,297 WARNING database DDL Query made to DB:
ALTER TABLE `tabCompany` MODIFY `credit_limit` decimal(21,9) not null default 0, MODIFY `total_monthly_sales` decimal(21,9) not null default 0, MODIFY `monthly_sales_target` decimal(21,9) not null default 0
2026-03-09 13:23:09,544 WARNING database DDL Query made to DB:
ALTER TABLE `tabCompany` MODIFY `monthly_sales_target` decimal(21,9) not null default 0, MODIFY `credit_limit` decimal(21,9) not null default 0, MODIFY `total_monthly_sales` decimal(21,9) not null default 0
2026-03-09 13:23:09,840 WARNING database DDL Query made to DB:
ALTER TABLE `tabCompany` ADD COLUMN `principal_name` varchar(140)
2026-03-09 13:23:09,864 WARNING database DDL Query made to DB:
ALTER TABLE `tabCompany` MODIFY `total_monthly_sales` decimal(21,9) not null default 0, MODIFY `monthly_sales_target` decimal(21,9) not null default 0, MODIFY `credit_limit` decimal(21,9) not null default 0
2026-03-09 13:23:10,117 WARNING database DDL Query made to DB:
ALTER TABLE `tabCompany` ADD COLUMN `principal_email` varchar(140)
2026-03-09 13:23:10,138 WARNING database DDL Query made to DB:
ALTER TABLE `tabCompany` MODIFY `monthly_sales_target` decimal(21,9) not null default 0, MODIFY `total_monthly_sales` decimal(21,9) not null default 0, MODIFY `credit_limit` decimal(21,9) not null default 0
2026-03-09 13:23:10,404 WARNING database DDL Query made to DB:
ALTER TABLE `tabCompany` ADD COLUMN `principal_phone` varchar(140)
2026-03-09 13:23:10,423 WARNING database DDL Query made to DB:
ALTER TABLE `tabCompany` MODIFY `credit_limit` decimal(21,9) not null default 0, MODIFY `total_monthly_sales` decimal(21,9) not null default 0, MODIFY `monthly_sales_target` decimal(21,9) not null default 0
2026-03-09 13:23:10,659 WARNING database DDL Query made to DB:
ALTER TABLE `tabCompany` MODIFY `total_monthly_sales` decimal(21,9) not null default 0, MODIFY `monthly_sales_target` decimal(21,9) not null default 0, MODIFY `credit_limit` decimal(21,9) not null default 0
2026-03-09 13:23:10,904 WARNING database DDL Query made to DB:
ALTER TABLE `tabCompany` ADD COLUMN `medium_of_instruction` varchar(140)
2026-03-09 13:23:10,924 WARNING database DDL Query made to DB:
ALTER TABLE `tabCompany` MODIFY `monthly_sales_target` decimal(21,9) not null default 0, MODIFY `credit_limit` decimal(21,9) not null default 0, MODIFY `total_monthly_sales` decimal(21,9) not null default 0
2026-03-09 13:23:11,181 WARNING database DDL Query made to DB:
ALTER TABLE `tabCompany` ADD COLUMN `shift_type` varchar(140)
2026-03-09 13:23:11,201 WARNING database DDL Query made to DB:
ALTER TABLE `tabCompany` MODIFY `credit_limit` decimal(21,9) not null default 0, MODIFY `total_monthly_sales` decimal(21,9) not null default 0, MODIFY `monthly_sales_target` decimal(21,9) not null default 0
2026-03-09 13:23:11,471 WARNING database DDL Query made to DB:
ALTER TABLE `tabCompany` ADD COLUMN `academic_calendar_type` varchar(140)
2026-03-09 13:23:11,491 WARNING database DDL Query made to DB:
ALTER TABLE `tabCompany` MODIFY `total_monthly_sales` decimal(21,9) not null default 0, MODIFY `monthly_sales_target` decimal(21,9) not null default 0, MODIFY `credit_limit` decimal(21,9) not null default 0
2026-03-09 13:23:11,729 WARNING database DDL Query made to DB:
ALTER TABLE `tabCompany` MODIFY `monthly_sales_target` decimal(21,9) not null default 0, MODIFY `credit_limit` decimal(21,9) not null default 0, MODIFY `total_monthly_sales` decimal(21,9) not null default 0
2026-03-09 13:23:11,971 WARNING database DDL Query made to DB:
ALTER TABLE `tabCompany` ADD COLUMN `school_slug` varchar(140)
2026-03-09 13:23:11,991 WARNING database DDL Query made to DB:
ALTER TABLE `tabCompany` MODIFY `monthly_sales_target` decimal(21,9) not null default 0, MODIFY `total_monthly_sales` decimal(21,9) not null default 0, MODIFY `credit_limit` decimal(21,9) not null default 0
2026-03-09 13:23:12,243 WARNING database DDL Query made to DB:
ALTER TABLE `tabCompany` ADD COLUMN `school_status` varchar(140) default 'Pending Approval'
2026-03-09 13:23:12,266 WARNING database DDL Query made to DB:
ALTER TABLE `tabCompany` MODIFY `monthly_sales_target` decimal(21,9) not null default 0, MODIFY `total_monthly_sales` decimal(21,9) not null default 0, MODIFY `credit_limit` decimal(21,9) not null default 0
2026-03-09 13:23:12,566 WARNING database DDL Query made to DB:
ALTER TABLE `tabCompany` ADD COLUMN `onboarding_completed` int(1) not null default 0
2026-03-09 13:23:12,589 WARNING database DDL Query made to DB:
ALTER TABLE `tabCompany` MODIFY `credit_limit` decimal(21,9) not null default 0, MODIFY `monthly_sales_target` decimal(21,9) not null default 0, MODIFY `total_monthly_sales` decimal(21,9) not null default 0
2026-03-17 10:15:31,681 WARNING database DDL Query made to DB:
ALTER TABLE `tabCompany` ADD COLUMN `classes_offered` text
2026-03-17 10:15:31,714 WARNING database DDL Query made to DB:
ALTER TABLE `tabCompany` MODIFY `monthly_sales_target` decimal(21,9) not null default 0, MODIFY `credit_limit` decimal(21,9) not null default 0, MODIFY `total_monthly_sales` decimal(21,9) not null default 0
2026-03-17 10:15:32,470 WARNING database DDL Query made to DB:
ALTER TABLE `tabCompany` ADD COLUMN `streams_offered` text
2026-03-17 10:15:32,498 WARNING database DDL Query made to DB:
ALTER TABLE `tabCompany` MODIFY `credit_limit` decimal(21,9) not null default 0, MODIFY `total_monthly_sales` decimal(21,9) not null default 0, MODIFY `monthly_sales_target` decimal(21,9) not null default 0
2026-03-17 10:15:32,826 WARNING database DDL Query made to DB:
ALTER TABLE `tabCompany` ADD COLUMN `address_line1` text
2026-03-17 10:15:32,853 WARNING database DDL Query made to DB:
ALTER TABLE `tabCompany` MODIFY `monthly_sales_target` decimal(21,9) not null default 0, MODIFY `credit_limit` decimal(21,9) not null default 0, MODIFY `total_monthly_sales` decimal(21,9) not null default 0
2026-03-17 10:15:33,148 WARNING database DDL Query made to DB:
ALTER TABLE `tabCompany` ADD COLUMN `landmark` varchar(140)
2026-03-17 10:15:33,175 WARNING database DDL Query made to DB:
ALTER TABLE `tabCompany` MODIFY `credit_limit` decimal(21,9) not null default 0, MODIFY `monthly_sales_target` decimal(21,9) not null default 0, MODIFY `total_monthly_sales` decimal(21,9) not null default 0
2026-03-17 10:15:33,494 WARNING database DDL Query made to DB:
ALTER TABLE `tabCompany` ADD COLUMN `google_maps_link` varchar(140)
2026-03-17 10:15:33,523 WARNING database DDL Query made to DB:
ALTER TABLE `tabCompany` MODIFY `monthly_sales_target` decimal(21,9) not null default 0, MODIFY `total_monthly_sales` decimal(21,9) not null default 0, MODIFY `credit_limit` decimal(21,9) not null default 0
2026-03-17 10:15:33,843 WARNING database DDL Query made to DB:
ALTER TABLE `tabCompany` ADD COLUMN `admin_contact_name` varchar(140)
2026-03-17 10:15:33,867 WARNING database DDL Query made to DB:
ALTER TABLE `tabCompany` MODIFY `credit_limit` decimal(21,9) not null default 0, MODIFY `monthly_sales_target` decimal(21,9) not null default 0, MODIFY `total_monthly_sales` decimal(21,9) not null default 0
2026-03-17 10:15:34,214 WARNING database DDL Query made to DB:
ALTER TABLE `tabCompany` ADD COLUMN `admin_contact_designation` varchar(140)
2026-03-17 10:15:34,239 WARNING database DDL Query made to DB:
ALTER TABLE `tabCompany` MODIFY `monthly_sales_target` decimal(21,9) not null default 0, MODIFY `total_monthly_sales` decimal(21,9) not null default 0, MODIFY `credit_limit` decimal(21,9) not null default 0
2026-03-17 10:15:34,556 WARNING database DDL Query made to DB:
ALTER TABLE `tabCompany` ADD COLUMN `admin_contact_email` varchar(140)
2026-03-17 10:15:34,584 WARNING database DDL Query made to DB:
ALTER TABLE `tabCompany` MODIFY `total_monthly_sales` decimal(21,9) not null default 0, MODIFY `credit_limit` decimal(21,9) not null default 0, MODIFY `monthly_sales_target` decimal(21,9) not null default 0
2026-03-17 10:15:34,914 WARNING database DDL Query made to DB:
ALTER TABLE `tabCompany` ADD COLUMN `admin_contact_phone` varchar(140)
2026-03-17 10:15:34,940 WARNING database DDL Query made to DB:
ALTER TABLE `tabCompany` MODIFY `total_monthly_sales` decimal(21,9) not null default 0, MODIFY `credit_limit` decimal(21,9) not null default 0, MODIFY `monthly_sales_target` decimal(21,9) not null default 0
2026-03-17 10:15:35,226 WARNING database DDL Query made to DB:
ALTER TABLE `tabCompany` ADD COLUMN `total_student_capacity` int(11) not null default 0
2026-03-17 10:15:35,251 WARNING database DDL Query made to DB:
ALTER TABLE `tabCompany` MODIFY `total_monthly_sales` decimal(21,9) not null default 0, MODIFY `monthly_sales_target` decimal(21,9) not null default 0, MODIFY `credit_limit` decimal(21,9) not null default 0
2026-03-17 10:15:35,537 WARNING database DDL Query made to DB:
ALTER TABLE `tabCompany` ADD COLUMN `number_of_classrooms` int(11) not null default 0
2026-03-17 10:15:35,563 WARNING database DDL Query made to DB:
ALTER TABLE `tabCompany` MODIFY `monthly_sales_target` decimal(21,9) not null default 0, MODIFY `credit_limit` decimal(21,9) not null default 0, MODIFY `total_monthly_sales` decimal(21,9) not null default 0
2026-03-17 10:15:35,849 WARNING database DDL Query made to DB:
ALTER TABLE `tabCompany` ADD COLUMN `hostel_available` int(1) not null default 0
2026-03-17 10:15:35,875 WARNING database DDL Query made to DB:
ALTER TABLE `tabCompany` MODIFY `credit_limit` decimal(21,9) not null default 0, MODIFY `monthly_sales_target` decimal(21,9) not null default 0, MODIFY `total_monthly_sales` decimal(21,9) not null default 0
2026-03-17 10:15:36,197 WARNING database DDL Query made to DB:
ALTER TABLE `tabCompany` ADD COLUMN `transport_available` int(1) not null default 0
2026-03-17 10:15:36,225 WARNING database DDL Query made to DB:
ALTER TABLE `tabCompany` MODIFY `credit_limit` decimal(21,9) not null default 0, MODIFY `total_monthly_sales` decimal(21,9) not null default 0, MODIFY `monthly_sales_target` decimal(21,9) not null default 0
2026-03-17 10:15:36,551 WARNING database DDL Query made to DB:
ALTER TABLE `tabCompany` ADD COLUMN `subscription_plan` varchar(140)
2026-03-17 10:15:36,583 WARNING database DDL Query made to DB:
ALTER TABLE `tabCompany` MODIFY `monthly_sales_target` decimal(21,9) not null default 0, MODIFY `credit_limit` decimal(21,9) not null default 0, MODIFY `total_monthly_sales` decimal(21,9) not null default 0
2026-04-16 11:57:57,156 WARNING database DDL Query made to DB:
DROP DATABASE IF EXISTS `_5318e3b9c751fced`
2026-04-16 11:57:57,160 WARNING database DDL Query made to DB:
DROP USER IF EXISTS '_5318e3b9c751fced'@'%'
2026-04-16 11:57:57,163 WARNING database DDL Query made to DB:
DROP USER IF EXISTS '_5318e3b9c751fced'@'localhost'
